{
  "RSpec": {
    "coverage": {
      "/Users/makerslaptop91/Desktop/projects/live-voting/app/models/user.rb": [
        1,
        null,
        null,
        1,
        null,
        null,
        1,
        null
      ],
      "/Users/makerslaptop91/Desktop/projects/live-voting/app/helpers/application_helper.rb": [
        1,
        null
      ],
      "/Users/makerslaptop91/Desktop/projects/live-voting/app/helpers/question_helper.rb": [
        1,
        null,
        1,
        null,
        null,
        null,
        null,
        null,
        null,
        1,
        0,
        0,
        0,
        null,
        0,
        null,
        null,
        1,
        6,
        6,
        12,
        null,
        6,
        null,
        null,
        1,
        19,
        19,
        null,
        null
      ],
      "/Users/makerslaptop91/Desktop/projects/live-voting/app/helpers/votes_helper.rb": [
        1,
        null
      ],
      "/Users/makerslaptop91/Desktop/projects/live-voting/app/controllers/events_controller.rb": [
        1,
        1,
        1,
        null,
        1,
        99,
        99,
        49,
        null,
        null,
        null,
        1,
        0,
        0,
        null,
        null,
        1,
        1,
        1,
        1,
        1,
        1,
        null,
        0,
        null,
        null,
        null,
        1,
        16,
        null,
        null,
        null,
        1,
        1,
        1,
        1,
        null,
        null,
        1,
        1,
        null,
        null,
        1,
        0,
        0,
        null,
        null,
        0,
        0,
        0,
        null,
        0,
        null,
        null,
        null,
        1,
        6,
        null,
        null,
        1,
        7,
        7,
        5,
        5,
        null,
        2,
        2,
        null,
        null,
        null,
        1,
        1,
        1,
        1,
        4,
        null,
        1,
        1,
        null,
        null,
        null,
        1,
        null,
        1,
        43,
        null,
        null,
        1,
        19,
        19,
        1,
        null,
        null,
        null,
        1,
        1,
        null,
        null
      ],
      "/Users/makerslaptop91/Desktop/projects/live-voting/app/controllers/application_controller.rb": [
        1,
        null,
        null,
        1,
        null,
        null,
        null
      ],
      "/Users/makerslaptop91/Desktop/projects/live-voting/app/controllers/questions_controller.rb": [
        1,
        1,
        null,
        1,
        5,
        5,
        15,
        null,
        null,
        1,
        16,
        null,
        null,
        1,
        4,
        4,
        null,
        4,
        3,
        3,
        null,
        1,
        null,
        null,
        null,
        1,
        1,
        1,
        1,
        null,
        null,
        1,
        2,
        6,
        2,
        2,
        null,
        null,
        1,
        5,
        5,
        5,
        5,
        5,
        4,
        4,
        null,
        1,
        1,
        null,
        null,
        null,
        1,
        6,
        6,
        2,
        2,
        null,
        48,
        36,
        6,
        6,
        null,
        null,
        1,
        5,
        5,
        null,
        null,
        1,
        0,
        0,
        0,
        null,
        null,
        null,
        null,
        1,
        null,
        1,
        37,
        null,
        null,
        1,
        9,
        null,
        null,
        1,
        18,
        18,
        1,
        null,
        null,
        null,
        1,
        6,
        6,
        null,
        null,
        1,
        4,
        null,
        null
      ],
      "/Users/makerslaptop91/Desktop/projects/live-voting/app/controllers/votes_controller.rb": [
        1,
        1,
        null,
        1,
        1,
        1,
        1,
        1,
        1,
        null,
        1,
        null,
        null,
        1,
        2,
        null,
        null,
        1,
        1,
        1,
        1,
        null,
        null
      ],
      "/Users/makerslaptop91/Desktop/projects/live-voting/app/models/choice.rb": [
        1,
        1,
        1,
        null,
        1,
        null
      ],
      "/Users/makerslaptop91/Desktop/projects/live-voting/app/models/event.rb": [
        1,
        1,
        1,
        1,
        null,
        1,
        null,
        1,
        null
      ],
      "/Users/makerslaptop91/Desktop/projects/live-voting/app/models/question.rb": [
        1,
        1,
        1,
        null,
        1,
        null,
        1,
        null
      ],
      "/Users/makerslaptop91/Desktop/projects/live-voting/app/models/vote.rb": [
        1,
        1,
        1,
        1,
        null
      ],
      "/Users/makerslaptop91/Desktop/projects/live-voting/app/models/voter.rb": [
        1,
        1,
        1,
        null,
        null,
        null,
        null
      ],
      "/Users/makerslaptop91/Desktop/projects/live-voting/app/services/clear_votes.rb": [
        1,
        null,
        1,
        3,
        null,
        null,
        null
      ],
      "/Users/makerslaptop91/Desktop/projects/live-voting/app/controllers/errors_controller.rb": [
        1,
        null,
        1,
        1,
        null,
        null,
        null
      ],
      "/Users/makerslaptop91/Desktop/projects/live-voting/app/controllers/choices_controller.rb": [
        1,
        1,
        null,
        1,
        1,
        1,
        null,
        null,
        1,
        1,
        1,
        null,
        1,
        1,
        1,
        null,
        0,
        null,
        null,
        null,
        1,
        1,
        1,
        1,
        1,
        null,
        null,
        null,
        1,
        null,
        1,
        6,
        null,
        null,
        1,
        1,
        null,
        null,
        1,
        4,
        4,
        2,
        null,
        null,
        null,
        1,
        1,
        null,
        null
      ]
    },
    "timestamp": 1443778130
  }
}
